c:\users\windows 10 pro\documents\cg\laboratorio\p2\práctica 2\práctica 2\debug\vc141.pdb
c:\users\windows 10 pro\documents\cg\laboratorio\p2\práctica 2\práctica 2\debug\vc141.idb
c:\users\windows 10 pro\documents\cg\laboratorio\p2\práctica 2\práctica 2\debug\main_prac2.obj
c:\users\windows 10 pro\documents\cg\laboratorio\p8\práctica 8\práctica 2\debug\vc141.pdb
c:\users\windows 10 pro\documents\cg\laboratorio\p8\práctica 8\práctica 2\debug\vc141.idb
c:\users\windows 10 pro\documents\cg\laboratorio\p8\práctica 8\práctica 2\debug\texture.obj
c:\users\windows 10 pro\documents\cg\laboratorio\p8\práctica 8\práctica 2\debug\main_prac8_texto.obj
c:\users\windows 10 pro\documents\cg\laboratorio\p10\práctica 10\práctica 2\debug\vc141.pdb
c:\users\windows 10 pro\documents\cg\laboratorio\p10\práctica 10\práctica 2\debug\vc141.idb
c:\users\windows 10 pro\documents\cg\laboratorio\p10\práctica 10\práctica 2\debug\texture.obj
c:\users\windows 10 pro\documents\cg\laboratorio\p10\práctica 10\práctica 2\debug\main_prac10new.obj
c:\users\windows 10 pro\documents\cg\laboratorio\p10\práctica 10\práctica 2\debug\figuras.obj
c:\users\windows 10 pro\documents\cg\laboratorio\p10\práctica 10\práctica 2\debug\camera.obj
c:\users\windows 10 pro\documents\cg\laboratorio\p2\práctica 2\debug\práctica 2.exe
c:\users\windows 10 pro\documents\cg\laboratorio\p2\práctica 2\debug\práctica 2.ilk
c:\users\windows 10 pro\documents\cg\laboratorio\p2\práctica 2\debug\práctica 2.pdb
c:\users\windows 10 pro\documents\cg\laboratorio\p8\práctica 8\debug\práctica 2.exe
c:\users\windows 10 pro\documents\cg\laboratorio\p8\práctica 8\debug\práctica 2.ilk
c:\users\windows 10 pro\documents\cg\laboratorio\p8\práctica 8\debug\práctica 2.pdb
c:\users\windows 10 pro\documents\cg\laboratorio\p10\práctica 10\debug\práctica 2.exe
c:\users\windows 10 pro\documents\cg\laboratorio\p10\práctica 10\debug\práctica 2.ilk
c:\users\windows 10 pro\documents\cg\laboratorio\p10\práctica 10\debug\práctica 2.pdb
c:\users\windows 10 pro\documents\cg\laboratorio\p11\práctica 11\práctica 2\debug\camera.obj
c:\users\windows 10 pro\documents\cg\laboratorio\p11\práctica 11\práctica 2\debug\figuras.obj
c:\users\windows 10 pro\documents\cg\laboratorio\p11\práctica 11\práctica 2\debug\main.obj
c:\users\windows 10 pro\documents\cg\laboratorio\p11\práctica 11\práctica 2\debug\main_prac10new.obj
c:\users\windows 10 pro\documents\cg\laboratorio\p11\práctica 11\práctica 2\debug\main_prac2.obj
c:\users\windows 10 pro\documents\cg\laboratorio\p11\práctica 11\práctica 2\debug\main_prac8_texto.obj
c:\users\windows 10 pro\documents\cg\laboratorio\p11\práctica 11\práctica 2\debug\texture.obj
c:\users\windows 10 pro\documents\cg\laboratorio\p11\práctica 11\práctica 2\debug\vc141.idb
c:\users\windows 10 pro\documents\cg\laboratorio\p11\práctica 11\práctica 2\debug\vc141.pdb
c:\users\windows 10 pro\documents\cg\laboratorio\p11\práctica 11\debug\práctica 2.pdb
c:\users\windows 10 pro\documents\cg\laboratorio\p11\práctica 11\debug\práctica 2.exe
c:\users\windows 10 pro\documents\cg\laboratorio\p11\práctica 11\debug\práctica 2.ilk
c:\users\windows 10 pro\documents\cg\laboratorio\p11\práctica 11\práctica 2\debug\práctica 2.tlog\cl.command.1.tlog
c:\users\windows 10 pro\documents\cg\laboratorio\p11\práctica 11\práctica 2\debug\práctica 2.tlog\cl.read.1.tlog
c:\users\windows 10 pro\documents\cg\laboratorio\p11\práctica 11\práctica 2\debug\práctica 2.tlog\cl.write.1.tlog
c:\users\windows 10 pro\documents\cg\laboratorio\p11\práctica 11\práctica 2\debug\práctica 2.tlog\link.command.1.tlog
c:\users\windows 10 pro\documents\cg\laboratorio\p11\práctica 11\práctica 2\debug\práctica 2.tlog\link.read.1.tlog
c:\users\windows 10 pro\documents\cg\laboratorio\p11\práctica 11\práctica 2\debug\práctica 2.tlog\link.write.1.tlog
